<?xml version="1.0" encoding="UTF-8"?>
<!-- Generated by org.testng.reporters.JUnitReportReporter -->
<testsuite hostname="Teja" failures="0" tests="1" name="com.Createaccount.Tests.LoginInvalidPwd" time="54.006" errors="0" timestamp="2024-04-30T14:31:53 IST" skipped="0">
  <testcase classname="com.Createaccount.Tests.LoginInvalidPwd" name="invalidPwd" time="54.006"/>
</testsuite> <!-- com.Createaccount.Tests.LoginInvalidPwd -->
