<?xml version="1.0" encoding="UTF-8"?>
<!-- Generated by org.testng.reporters.JUnitReportReporter -->
<testsuite hostname="LAPTOP-VFDCMCM0" failures="0" tests="1" name="CartModule.testcases.AddProductFromBoysPage" time="36.269" errors="0" timestamp="2024-05-01T02:07:08 IST" skipped="0">
  <testcase classname="CartModule.testcases.AddProductFromBoysPage" name="addProductFromBoysPage" time="36.269"/>
</testsuite> <!-- CartModule.testcases.AddProductFromBoysPage -->
