<?xml version="1.0" encoding="UTF-8"?>
<!-- Generated by org.testng.reporters.JUnitReportReporter -->
<testsuite hostname="Teja" failures="0" tests="1" name="com.Createaccount.Tests.CreationWeakPassword" time="54.649" errors="0" timestamp="2024-04-30T14:31:53 IST" skipped="0">
  <testcase classname="com.Createaccount.Tests.CreationWeakPassword" name="weakPassword" time="54.649"/>
</testsuite> <!-- com.Createaccount.Tests.CreationWeakPassword -->
