<?xml version="1.0" encoding="UTF-8"?>
<!-- Generated by org.testng.reporters.JUnitReportReporter -->
<testsuite hostname="Teja" failures="0" tests="1" name="Tests.LoginwithValidCredentials" time="53.012" errors="0" timestamp="2024-04-30T14:59:47 IST" skipped="0">
  <testcase classname="Tests.LoginwithValidCredentials" name="login" time="53.012"/>
</testsuite> <!-- Tests.LoginwithValidCredentials -->
