<?xml version="1.0" encoding="UTF-8"?>
<!-- Generated by org.testng.reporters.JUnitReportReporter -->
<testsuite hostname="Teja" failures="0" tests="1" name="Tests.LoginInvalidPwd" time="34.005" errors="0" timestamp="2024-04-30T14:59:47 IST" skipped="0">
  <testcase classname="Tests.LoginInvalidPwd" name="invalidPwd" time="34.005"/>
</testsuite> <!-- Tests.LoginInvalidPwd -->
