<?xml version="1.0" encoding="UTF-8"?>
<!-- Generated by org.testng.reporters.JUnitReportReporter -->
<testsuite hostname="Teja" failures="0" tests="1" name="Tests.ValidEmailFormat" time="23.123" errors="0" timestamp="2024-04-30T14:59:47 IST" skipped="0">
  <testcase classname="Tests.ValidEmailFormat" name="checkmailFormat" time="23.123"/>
</testsuite> <!-- Tests.ValidEmailFormat -->
