<?xml version="1.0" encoding="UTF-8"?>
<!-- Generated by org.testng.reporters.JUnitReportReporter -->
<testsuite hostname="LAPTOP-VFDCMCM0" failures="0" tests="1" name="CartModule.testcases.AddProductFromJeansPage" time="32.517" errors="0" timestamp="2024-05-01T02:07:08 IST" skipped="0">
  <testcase classname="CartModule.testcases.AddProductFromJeansPage" name="addProductFromJeansPage" time="32.517"/>
</testsuite> <!-- CartModule.testcases.AddProductFromJeansPage -->
