<?xml version="1.0" encoding="UTF-8"?>
<!-- Generated by org.testng.reporters.JUnitReportReporter -->
<testsuite hostname="LAPTOP-VFDCMCM0" failures="0" tests="1" name="CartModule.testcases.MenPageToCart" time="23.564" errors="0" timestamp="2024-05-01T02:07:08 IST" skipped="0">
  <testcase classname="CartModule.testcases.MenPageToCart" name="menPageToCart" time="23.564"/>
</testsuite> <!-- CartModule.testcases.MenPageToCart -->
